Symbol range map extraction starting
Processing 16 files
startProcessing "com\ninjawarrior1337\abos\ClientProxy.java" md5: 36674ebe16921493fce027bd04a0b8e5
Cache Hit!
endProcessing "com\ninjawarrior1337\abos\ClientProxy.java"

startProcessing "com\ninjawarrior1337\abos\CommonProxy.java" md5: c005f4420f60dc176eeb704b9b6ba151
Cache Hit!
endProcessing "com\ninjawarrior1337\abos\CommonProxy.java"

startProcessing "com\ninjawarrior1337\abos\Reference.java" md5: f0746ff5f4615b76070dde45a181f499
Cache Hit!
endProcessing "com\ninjawarrior1337\abos\Reference.java"

startProcessing "com\ninjawarrior1337\abos\ServerProxy.java" md5: 197f5a3dbf75d6b47992e575e4fb0240
Cache Hit!
endProcessing "com\ninjawarrior1337\abos\ServerProxy.java"

startProcessing "com\ninjawarrior1337\abos\abos.java" md5: fbb60cdacba1f5e77a21035504e70deb
Cache Hit!
endProcessing "com\ninjawarrior1337\abos\abos.java"

startProcessing "com\ninjawarrior1337\abos\client\render\items\ItemRenderRegister.java" md5: 326a2a1237c8d47aa14fccf33328984a
endProcessing "com\ninjawarrior1337\abos\client\render\items\ItemRenderRegister.java"

startProcessing "com\ninjawarrior1337\abos\crafting\ModCrafting.java" md5: 4b65a2d54fbcb035df6432e5fb033513
endProcessing "com\ninjawarrior1337\abos\crafting\ModCrafting.java"

startProcessing "com\ninjawarrior1337\abos\items\ABOSItems.java" md5: 10f2a1ae5e34fb0067838e291c4bd18e
endProcessing "com\ninjawarrior1337\abos\items\ABOSItems.java"

startProcessing "com\ninjawarrior1337\abos\items\blue_lightsaber.java" md5: 74ff78cdffbde8d21b6a3cd1f929a939
Cache Hit!
endProcessing "com\ninjawarrior1337\abos\items\blue_lightsaber.java"

startProcessing "com\ninjawarrior1337\abos\items\chocholate.java" md5: 1527956e4429e6ae8bc40b5ef3514711
Cache Hit!
endProcessing "com\ninjawarrior1337\abos\items\chocholate.java"

startProcessing "com\ninjawarrior1337\abos\items\corn_syrup.java" md5: 838e19fab44793345e0dabab76434587
Cache Hit!
endProcessing "com\ninjawarrior1337\abos\items\corn_syrup.java"

startProcessing "com\ninjawarrior1337\abos\items\graham_cracker.java" md5: 0f3571f880c56308e7a13f98a04111c5
Cache Hit!
endProcessing "com\ninjawarrior1337\abos\items\graham_cracker.java"

startProcessing "com\ninjawarrior1337\abos\items\green_lightsaber.java" md5: 06c59b1dac0e98fe891d71ef223d6df9
Cache Hit!
endProcessing "com\ninjawarrior1337\abos\items\green_lightsaber.java"

startProcessing "com\ninjawarrior1337\abos\items\peppe.java" md5: 827901c2ca4d417de15067a031a3cefb
Cache Hit!
endProcessing "com\ninjawarrior1337\abos\items\peppe.java"

startProcessing "com\ninjawarrior1337\abos\items\red_lightsaber.java" md5: 63a9a2557a1d825f3066fbfea4778b6b
Cache Hit!
endProcessing "com\ninjawarrior1337\abos\items\red_lightsaber.java"

startProcessing "com\ninjawarrior1337\abos\items\weed.java" md5: 87532ae67634ced979cbe11a188e70a8
endProcessing "com\ninjawarrior1337\abos\items\weed.java"

